{
  "stats": {
    "suites": 1,
    "tests": 1,
    "passes": 1,
    "pending": 0,
    "failures": 0,
    "start": "2026-04-26T16:54:22.173Z",
    "end": "2026-04-26T16:54:26.553Z",
    "duration": 4380,
    "testsRegistered": 1,
    "passPercent": 100,
    "pendingPercent": 0,
    "other": 0,
    "hasOther": false,
    "skipped": 0,
    "hasSkipped": false
  },
  "results": [
    {
      "uuid": "78fe2b33-1bd3-4293-a17c-6a983c264f4d",
      "title": "",
      "fullFile": "cypress/e2e/registration.cy.js",
      "file": "cypress/e2e/registration.cy.js",
      "beforeHooks": [],
      "afterHooks": [],
      "tests": [],
      "suites": [
        {
          "uuid": "2e0edf48-b5db-43ea-8933-036e60bca021",
          "title": "Registration",
          "fullFile": "",
          "file": "",
          "beforeHooks": [],
          "afterHooks": [],
          "tests": [
            {
              "title": "Should register successfully",
              "fullTitle": "Registration Should register successfully",
              "timedOut": null,
              "duration": 4348,
              "state": "passed",
              "speed": "fast",
              "pass": true,
              "fail": false,
              "pending": false,
              "context": null,
              "code": "const email = `test${Date.now()}@mail.com`;\ncy.get('#signupName').type('John');\ncy.get('#signupLastName').type('Doe');\ncy.get('#signupEmail').type(email);\ncy.get('#signupPassword').type('Password123');\ncy.get('#signupRepeatPassword').type('Password123');\ncy.contains('Register').click();\ncy.url().should('include', 'garage');",
              "err": {},
              "uuid": "e495081f-e103-4f73-b368-d3c26274bb1f",
              "parentUUID": "2e0edf48-b5db-43ea-8933-036e60bca021",
              "isHook": false,
              "skipped": false
            }
          ],
          "suites": [],
          "passes": [
            "e495081f-e103-4f73-b368-d3c26274bb1f"
          ],
          "failures": [],
          "pending": [],
          "skipped": [],
          "duration": 4348,
          "root": false,
          "rootEmpty": false,
          "_timeout": 2000
        }
      ],
      "passes": [],
      "failures": [],
      "pending": [],
      "skipped": [],
      "duration": 0,
      "root": true,
      "rootEmpty": true,
      "_timeout": 2000
    }
  ],
  "meta": {
    "mocha": {
      "version": "7.2.0"
    },
    "mochawesome": {
      "options": {
        "quiet": false,
        "reportFilename": "mochawesome",
        "saveHtml": true,
        "saveJson": true,
        "consoleReporter": "spec",
        "useInlineDiffs": false,
        "code": true
      },
      "version": "7.1.4"
    },
    "marge": {
      "options": {
        "reportDir": "cypress/reports",
        "overwrite": false,
        "html": true,
        "json": true
      },
      "version": "6.3.2"
    }
  }
}