{
  "stats": {
    "suites": 1,
    "tests": 4,
    "passes": 4,
    "pending": 0,
    "failures": 0,
    "start": "2026-04-26T16:48:28.536Z",
    "end": "2026-04-26T16:48:39.371Z",
    "duration": 10835,
    "testsRegistered": 4,
    "passPercent": 100,
    "pendingPercent": 0,
    "other": 0,
    "hasOther": false,
    "skipped": 0,
    "hasSkipped": false
  },
  "results": [
    {
      "uuid": "29858d0a-489d-4594-97eb-d7e0455c83f8",
      "title": "",
      "fullFile": "cypress/e2e/smoke.cy.js",
      "file": "cypress/e2e/smoke.cy.js",
      "beforeHooks": [],
      "afterHooks": [],
      "tests": [],
      "suites": [
        {
          "uuid": "722946c3-3b36-4e83-b76b-240256852d84",
          "title": "Home page UI elements",
          "fullFile": "",
          "file": "",
          "beforeHooks": [],
          "afterHooks": [],
          "tests": [
            {
              "title": "Should check Sign up button",
              "fullTitle": "Home page UI elements Should check Sign up button",
              "timedOut": null,
              "duration": 7550,
              "state": "passed",
              "speed": "medium",
              "pass": true,
              "fail": false,
              "pending": false,
              "context": null,
              "code": "cy.contains('Sign up').should('be.visible');",
              "err": {},
              "uuid": "05c55940-d85f-4bba-af93-7cf14b90c32a",
              "parentUUID": "722946c3-3b36-4e83-b76b-240256852d84",
              "isHook": false,
              "skipped": false
            },
            {
              "title": "Should check header buttons",
              "fullTitle": "Home page UI elements Should check header buttons",
              "timedOut": null,
              "duration": 708,
              "state": "passed",
              "speed": "fast",
              "pass": true,
              "fail": false,
              "pending": false,
              "context": null,
              "code": "cy.get('header').should('be.visible').within(() => {\n  cy.contains('Home').should('be.visible');\n  cy.contains('About').should('be.visible');\n  cy.contains('Contacts').should('be.visible');\n  cy.contains('Guest log in').should('be.visible');\n});",
              "err": {},
              "uuid": "de0ff3df-673c-4ce8-9d17-6e6211a37b35",
              "parentUUID": "722946c3-3b36-4e83-b76b-240256852d84",
              "isHook": false,
              "skipped": false
            },
            {
              "title": "Should check footer social icons",
              "fullTitle": "Home page UI elements Should check footer social icons",
              "timedOut": null,
              "duration": 609,
              "state": "passed",
              "speed": "fast",
              "pass": true,
              "fail": false,
              "pending": false,
              "context": null,
              "code": "cy.get('a[href*=\"facebook\"]').should('exist');\ncy.get('a[href*=\"t.me\"]').should('exist');\ncy.get('a[href*=\"youtube\"]').should('exist');\ncy.get('a[href*=\"instagram\"]').should('exist');\ncy.get('a[href*=\"linkedin\"]').should('exist');",
              "err": {},
              "uuid": "1d6d281c-a588-4420-a362-46e8f9f81825",
              "parentUUID": "722946c3-3b36-4e83-b76b-240256852d84",
              "isHook": false,
              "skipped": false
            },
            {
              "title": "Should check footer contacts",
              "fullTitle": "Home page UI elements Should check footer contacts",
              "timedOut": null,
              "duration": 466,
              "state": "passed",
              "speed": "fast",
              "pass": true,
              "fail": false,
              "pending": false,
              "context": null,
              "code": "cy.contains('ithillel.ua').should('be.visible');\ncy.contains('support@ithillel.ua').should('be.visible');",
              "err": {},
              "uuid": "c7124e3b-694a-4691-b3ab-5fa017e4d5c0",
              "parentUUID": "722946c3-3b36-4e83-b76b-240256852d84",
              "isHook": false,
              "skipped": false
            }
          ],
          "suites": [],
          "passes": [
            "05c55940-d85f-4bba-af93-7cf14b90c32a",
            "de0ff3df-673c-4ce8-9d17-6e6211a37b35",
            "1d6d281c-a588-4420-a362-46e8f9f81825",
            "c7124e3b-694a-4691-b3ab-5fa017e4d5c0"
          ],
          "failures": [],
          "pending": [],
          "skipped": [],
          "duration": 9333,
          "root": false,
          "rootEmpty": false,
          "_timeout": 2000
        }
      ],
      "passes": [],
      "failures": [],
      "pending": [],
      "skipped": [],
      "duration": 0,
      "root": true,
      "rootEmpty": true,
      "_timeout": 2000
    }
  ],
  "meta": {
    "mocha": {
      "version": "7.2.0"
    },
    "mochawesome": {
      "options": {
        "quiet": false,
        "reportFilename": "mochawesome",
        "saveHtml": true,
        "saveJson": true,
        "consoleReporter": "spec",
        "useInlineDiffs": false,
        "code": true
      },
      "version": "7.1.4"
    },
    "marge": {
      "options": {
        "reportDir": "cypress/reports",
        "overwrite": false,
        "html": true,
        "json": true
      },
      "version": "6.3.2"
    }
  }
}