{
  "stats": {
    "suites": 1,
    "tests": 4,
    "passes": 4,
    "pending": 0,
    "failures": 0,
    "start": "2026-04-26T13:11:48.295Z",
    "end": "2026-04-26T13:11:52.357Z",
    "duration": 4062,
    "testsRegistered": 4,
    "passPercent": 100,
    "pendingPercent": 0,
    "other": 0,
    "hasOther": false,
    "skipped": 0,
    "hasSkipped": false
  },
  "results": [
    {
      "uuid": "9fabacb1-87e5-4fe1-abda-ba66a5d92656",
      "title": "",
      "fullFile": "cypress/e2e/smoke.cy.js",
      "file": "cypress/e2e/smoke.cy.js",
      "beforeHooks": [],
      "afterHooks": [],
      "tests": [],
      "suites": [
        {
          "uuid": "0c315ca1-6ea0-4c5f-aff9-ca24dd4ec37e",
          "title": "Home page UI elements",
          "fullFile": "",
          "file": "",
          "beforeHooks": [],
          "afterHooks": [],
          "tests": [
            {
              "title": "Should check Sign up button",
              "fullTitle": "Home page UI elements Should check Sign up button",
              "timedOut": null,
              "duration": 2781,
              "state": "passed",
              "speed": "fast",
              "pass": true,
              "fail": false,
              "pending": false,
              "context": null,
              "code": "cy.contains('Sign up').should('be.visible');",
              "err": {},
              "uuid": "e19e95c9-81be-407b-af55-7d17bdb59130",
              "parentUUID": "0c315ca1-6ea0-4c5f-aff9-ca24dd4ec37e",
              "isHook": false,
              "skipped": false
            },
            {
              "title": "Should check header buttons",
              "fullTitle": "Home page UI elements Should check header buttons",
              "timedOut": null,
              "duration": 452,
              "state": "passed",
              "speed": "fast",
              "pass": true,
              "fail": false,
              "pending": false,
              "context": null,
              "code": "cy.get('header').should('be.visible').within(() => {\n  cy.contains('Home').should('be.visible');\n  cy.contains('About').should('be.visible');\n  cy.contains('Contacts').should('be.visible');\n  cy.contains('Guest log in').should('be.visible');\n});",
              "err": {},
              "uuid": "da6d67c0-03cf-47e3-bca8-7b3b1998a17e",
              "parentUUID": "0c315ca1-6ea0-4c5f-aff9-ca24dd4ec37e",
              "isHook": false,
              "skipped": false
            },
            {
              "title": "Should check footer social icons",
              "fullTitle": "Home page UI elements Should check footer social icons",
              "timedOut": null,
              "duration": 358,
              "state": "passed",
              "speed": "fast",
              "pass": true,
              "fail": false,
              "pending": false,
              "context": null,
              "code": "cy.get('a[href*=\"facebook\"]').should('exist');\ncy.get('a[href*=\"t.me\"]').should('exist');\ncy.get('a[href*=\"youtube\"]').should('exist');\ncy.get('a[href*=\"instagram\"]').should('exist');\ncy.get('a[href*=\"linkedin\"]').should('exist');",
              "err": {},
              "uuid": "18f1c9ed-1474-4e43-b31b-662182076657",
              "parentUUID": "0c315ca1-6ea0-4c5f-aff9-ca24dd4ec37e",
              "isHook": false,
              "skipped": false
            },
            {
              "title": "Should check footer contacts",
              "fullTitle": "Home page UI elements Should check footer contacts",
              "timedOut": null,
              "duration": 339,
              "state": "passed",
              "speed": "fast",
              "pass": true,
              "fail": false,
              "pending": false,
              "context": null,
              "code": "cy.contains('ithillel.ua').should('be.visible');\ncy.contains('support@ithillel.ua').should('be.visible');",
              "err": {},
              "uuid": "5c161c80-a7dd-42df-b747-76db615787cf",
              "parentUUID": "0c315ca1-6ea0-4c5f-aff9-ca24dd4ec37e",
              "isHook": false,
              "skipped": false
            }
          ],
          "suites": [],
          "passes": [
            "e19e95c9-81be-407b-af55-7d17bdb59130",
            "da6d67c0-03cf-47e3-bca8-7b3b1998a17e",
            "18f1c9ed-1474-4e43-b31b-662182076657",
            "5c161c80-a7dd-42df-b747-76db615787cf"
          ],
          "failures": [],
          "pending": [],
          "skipped": [],
          "duration": 3930,
          "root": false,
          "rootEmpty": false,
          "_timeout": 2000
        }
      ],
      "passes": [],
      "failures": [],
      "pending": [],
      "skipped": [],
      "duration": 0,
      "root": true,
      "rootEmpty": true,
      "_timeout": 2000
    }
  ],
  "meta": {
    "mocha": {
      "version": "7.2.0"
    },
    "mochawesome": {
      "options": {
        "quiet": false,
        "reportFilename": "mochawesome",
        "saveHtml": true,
        "saveJson": true,
        "consoleReporter": "spec",
        "useInlineDiffs": false,
        "code": true
      },
      "version": "7.1.4"
    },
    "marge": {
      "options": {
        "reportDir": "cypress/reports",
        "overwrite": false,
        "html": true,
        "json": true
      },
      "version": "6.3.2"
    }
  }
}