{
  "stats": {
    "suites": 1,
    "tests": 4,
    "passes": 4,
    "pending": 0,
    "failures": 0,
    "start": "2026-04-26T17:00:33.270Z",
    "end": "2026-04-26T17:00:38.974Z",
    "duration": 5704,
    "testsRegistered": 4,
    "passPercent": 100,
    "pendingPercent": 0,
    "other": 0,
    "hasOther": false,
    "skipped": 0,
    "hasSkipped": false
  },
  "results": [
    {
      "uuid": "d7eaad2b-add5-4602-9c3a-9d321b12bef7",
      "title": "",
      "fullFile": "cypress/e2e/smoke.cy.js",
      "file": "cypress/e2e/smoke.cy.js",
      "beforeHooks": [],
      "afterHooks": [],
      "tests": [],
      "suites": [
        {
          "uuid": "59446ac5-4885-46cd-a732-9451db5ed35e",
          "title": "Home page UI elements",
          "fullFile": "",
          "file": "",
          "beforeHooks": [],
          "afterHooks": [],
          "tests": [
            {
              "title": "Should check Sign up button",
              "fullTitle": "Home page UI elements Should check Sign up button",
              "timedOut": null,
              "duration": 2486,
              "state": "passed",
              "speed": "fast",
              "pass": true,
              "fail": false,
              "pending": false,
              "context": null,
              "code": "cy.contains('Sign up').should('be.visible');",
              "err": {},
              "uuid": "6f65f6a0-d506-46f0-bffd-52c0b71eac1b",
              "parentUUID": "59446ac5-4885-46cd-a732-9451db5ed35e",
              "isHook": false,
              "skipped": false
            },
            {
              "title": "Should check header buttons",
              "fullTitle": "Home page UI elements Should check header buttons",
              "timedOut": null,
              "duration": 788,
              "state": "passed",
              "speed": "fast",
              "pass": true,
              "fail": false,
              "pending": false,
              "context": null,
              "code": "cy.get('header').should('be.visible').within(() => {\n  cy.contains('Home').should('be.visible');\n  cy.contains('About').should('be.visible');\n  cy.contains('Contacts').should('be.visible');\n  cy.contains('Guest log in').should('be.visible');\n});",
              "err": {},
              "uuid": "66827051-19f1-4723-8e71-0b8eaaa6bbfd",
              "parentUUID": "59446ac5-4885-46cd-a732-9451db5ed35e",
              "isHook": false,
              "skipped": false
            },
            {
              "title": "Should check footer social icons",
              "fullTitle": "Home page UI elements Should check footer social icons",
              "timedOut": null,
              "duration": 450,
              "state": "passed",
              "speed": "fast",
              "pass": true,
              "fail": false,
              "pending": false,
              "context": null,
              "code": "cy.get('a[href*=\"facebook\"]').should('exist');\ncy.get('a[href*=\"t.me\"]').should('exist');\ncy.get('a[href*=\"youtube\"]').should('exist');\ncy.get('a[href*=\"instagram\"]').should('exist');\ncy.get('a[href*=\"linkedin\"]').should('exist');",
              "err": {},
              "uuid": "448a50ac-fafa-453e-9fa0-04fcaf720cf9",
              "parentUUID": "59446ac5-4885-46cd-a732-9451db5ed35e",
              "isHook": false,
              "skipped": false
            },
            {
              "title": "Should check footer contacts",
              "fullTitle": "Home page UI elements Should check footer contacts",
              "timedOut": null,
              "duration": 608,
              "state": "passed",
              "speed": "fast",
              "pass": true,
              "fail": false,
              "pending": false,
              "context": null,
              "code": "cy.contains('ithillel.ua').should('be.visible');\ncy.contains('support@ithillel.ua').should('be.visible');",
              "err": {},
              "uuid": "1746aae7-531b-44c2-a659-9be86707edd8",
              "parentUUID": "59446ac5-4885-46cd-a732-9451db5ed35e",
              "isHook": false,
              "skipped": false
            }
          ],
          "suites": [],
          "passes": [
            "6f65f6a0-d506-46f0-bffd-52c0b71eac1b",
            "66827051-19f1-4723-8e71-0b8eaaa6bbfd",
            "448a50ac-fafa-453e-9fa0-04fcaf720cf9",
            "1746aae7-531b-44c2-a659-9be86707edd8"
          ],
          "failures": [],
          "pending": [],
          "skipped": [],
          "duration": 4332,
          "root": false,
          "rootEmpty": false,
          "_timeout": 2000
        }
      ],
      "passes": [],
      "failures": [],
      "pending": [],
      "skipped": [],
      "duration": 0,
      "root": true,
      "rootEmpty": true,
      "_timeout": 2000
    }
  ],
  "meta": {
    "mocha": {
      "version": "7.2.0"
    },
    "mochawesome": {
      "options": {
        "quiet": false,
        "reportFilename": "mochawesome",
        "saveHtml": true,
        "saveJson": true,
        "consoleReporter": "spec",
        "useInlineDiffs": false,
        "code": true
      },
      "version": "7.1.4"
    },
    "marge": {
      "options": {
        "reportDir": "cypress/reports",
        "overwrite": false,
        "html": true,
        "json": true
      },
      "version": "6.3.2"
    }
  }
}