{
  "stats": {
    "suites": 1,
    "tests": 1,
    "passes": 1,
    "pending": 0,
    "failures": 0,
    "start": "2026-04-26T16:49:46.871Z",
    "end": "2026-04-26T16:49:53.024Z",
    "duration": 6153,
    "testsRegistered": 1,
    "passPercent": 100,
    "pendingPercent": 0,
    "other": 0,
    "hasOther": false,
    "skipped": 0,
    "hasSkipped": false
  },
  "results": [
    {
      "uuid": "a61ba715-90cc-4462-8257-cde355b88196",
      "title": "",
      "fullFile": "cypress/e2e/garage.cy.js",
      "file": "cypress/e2e/garage.cy.js",
      "beforeHooks": [],
      "afterHooks": [],
      "tests": [],
      "suites": [
        {
          "uuid": "b0139dca-b60c-4073-b536-c86ed011bcee",
          "title": "Garage flow",
          "fullFile": "",
          "file": "",
          "beforeHooks": [],
          "afterHooks": [],
          "tests": [
            {
              "title": "Add car",
              "fullTitle": "Garage flow Add car",
              "timedOut": null,
              "duration": 6122,
              "state": "passed",
              "speed": "medium",
              "pass": true,
              "fail": false,
              "pending": false,
              "context": null,
              "code": "cy.contains('Add car').should('be.visible').click();\ncy.get('#addCarBrand').select('Audi');\ncy.get('#addCarModel').select(1);\ncy.get('#addCarMileage').clear().type('100').blur();\ncy.get('.modal-footer .btn-primary').click();\ncy.get('.modal').should('not.exist');\ncy.contains('Audi').should('be.visible');",
              "err": {},
              "uuid": "837a920c-54d2-48d8-9eb5-7923a8e50e0c",
              "parentUUID": "b0139dca-b60c-4073-b536-c86ed011bcee",
              "isHook": false,
              "skipped": false
            }
          ],
          "suites": [],
          "passes": [
            "837a920c-54d2-48d8-9eb5-7923a8e50e0c"
          ],
          "failures": [],
          "pending": [],
          "skipped": [],
          "duration": 6122,
          "root": false,
          "rootEmpty": false,
          "_timeout": 2000
        }
      ],
      "passes": [],
      "failures": [],
      "pending": [],
      "skipped": [],
      "duration": 0,
      "root": true,
      "rootEmpty": true,
      "_timeout": 2000
    }
  ],
  "meta": {
    "mocha": {
      "version": "7.2.0"
    },
    "mochawesome": {
      "options": {
        "quiet": false,
        "reportFilename": "mochawesome",
        "saveHtml": true,
        "saveJson": true,
        "consoleReporter": "spec",
        "useInlineDiffs": false,
        "code": true
      },
      "version": "7.1.4"
    },
    "marge": {
      "options": {
        "reportDir": "cypress/reports",
        "overwrite": false,
        "html": true,
        "json": true
      },
      "version": "6.3.2"
    }
  }
}