{
  "stats": {
    "suites": 1,
    "tests": 1,
    "passes": 0,
    "pending": 0,
    "failures": 1,
    "start": "2026-04-26T16:56:40.780Z",
    "end": "2026-04-26T16:56:49.325Z",
    "duration": 8545,
    "testsRegistered": 1,
    "passPercent": 0,
    "pendingPercent": 0,
    "other": 0,
    "hasOther": false,
    "skipped": 0,
    "hasSkipped": false
  },
  "results": [
    {
      "uuid": "dba60154-1f87-44a9-8c0c-4c4944f0f349",
      "title": "",
      "fullFile": "cypress/e2e/garage.cy.js",
      "file": "cypress/e2e/garage.cy.js",
      "beforeHooks": [],
      "afterHooks": [],
      "tests": [],
      "suites": [
        {
          "uuid": "519e0128-f2f1-465b-802f-c1b07f08aa08",
          "title": "Garage flow",
          "fullFile": "",
          "file": "",
          "beforeHooks": [],
          "afterHooks": [],
          "tests": [
            {
              "title": "Add car",
              "fullTitle": "Garage flow Add car",
              "timedOut": null,
              "duration": 8494,
              "state": "failed",
              "speed": null,
              "pass": false,
              "fail": true,
              "pending": false,
              "context": null,
              "code": "cy.contains('Add car').should('be.visible').click();\ncy.get('#addCarBrand').select('Audi');\ncy.get('#addCarModel').select(1);\ncy.get('#addCarMileage').should('be.visible').clear().type('100').blur();\ncy.get('.modal-footer .btn-primary').click();\ncy.get('.modal').should('not.exist');\ncy.get('body').should('contain', 'Audi');",
              "err": {
                "message": "AssertionError: Timed out retrying after 4000ms: expected 'https://qauto2.forstudy.space/' to include '/panel/garage'\n\nBecause this error occurred during a `before each` hook we are skipping the remaining tests in the current suite: `Garage flow`",
                "estack": "AssertionError: Timed out retrying after 4000ms: expected 'https://qauto2.forstudy.space/' to include '/panel/garage'\n\nBecause this error occurred during a `before each` hook we are skipping the remaining tests in the current suite: `Garage flow`\n    at Context.eval (webpack://cypress-intro-hw/./cypress/e2e/garage.cy.js:18:13)",
                "diff": null
              },
              "uuid": "00385e21-139a-4e16-b71b-8f692bcdd5a3",
              "parentUUID": "519e0128-f2f1-465b-802f-c1b07f08aa08",
              "isHook": false,
              "skipped": false
            }
          ],
          "suites": [],
          "passes": [],
          "failures": [
            "00385e21-139a-4e16-b71b-8f692bcdd5a3"
          ],
          "pending": [],
          "skipped": [],
          "duration": 8494,
          "root": false,
          "rootEmpty": false,
          "_timeout": 2000
        }
      ],
      "passes": [],
      "failures": [],
      "pending": [],
      "skipped": [],
      "duration": 0,
      "root": true,
      "rootEmpty": true,
      "_timeout": 2000
    }
  ],
  "meta": {
    "mocha": {
      "version": "7.2.0"
    },
    "mochawesome": {
      "options": {
        "quiet": false,
        "reportFilename": "mochawesome",
        "saveHtml": true,
        "saveJson": true,
        "consoleReporter": "spec",
        "useInlineDiffs": false,
        "code": true
      },
      "version": "7.1.4"
    },
    "marge": {
      "options": {
        "reportDir": "cypress/reports",
        "overwrite": false,
        "html": true,
        "json": true
      },
      "version": "6.3.2"
    }
  }
}