{
  "stats": {
    "suites": 1,
    "tests": 1,
    "passes": 0,
    "pending": 0,
    "failures": 1,
    "start": "2026-04-26T16:55:58.787Z",
    "end": "2026-04-26T16:56:08.817Z",
    "duration": 10030,
    "testsRegistered": 1,
    "passPercent": 0,
    "pendingPercent": 0,
    "other": 0,
    "hasOther": false,
    "skipped": 0,
    "hasSkipped": false
  },
  "results": [
    {
      "uuid": "bc421514-c912-4d66-a1ba-ffb2acba41b0",
      "title": "",
      "fullFile": "cypress/e2e/garage.cy.js",
      "file": "cypress/e2e/garage.cy.js",
      "beforeHooks": [],
      "afterHooks": [],
      "tests": [],
      "suites": [
        {
          "uuid": "d0f18012-fddc-46db-aa0f-40ff06001764",
          "title": "Garage flow",
          "fullFile": "",
          "file": "",
          "beforeHooks": [],
          "afterHooks": [],
          "tests": [
            {
              "title": "Add car",
              "fullTitle": "Garage flow Add car",
              "timedOut": null,
              "duration": 9968,
              "state": "failed",
              "speed": null,
              "pass": false,
              "fail": true,
              "pending": false,
              "context": null,
              "code": "cy.contains('Add car').should('be.visible').click();\ncy.get('#addCarBrand').select('Audi');\ncy.get('#addCarModel').select(1);\ncy.get('#addCarMileage').should('be.visible').clear().type('100').blur();\ncy.get('.modal-footer .btn-primary').click();\ncy.get('.modal').should('not.exist');\ncy.get('body').should('contain', 'Audi');",
              "err": {
                "message": "CypressError: `cy.type()` can only accept a string or number. You passed in: `undefined`\n\nhttps://on.cypress.io/type\n\nBecause this error occurred during a `before each` hook we are skipping the remaining tests in the current suite: `Garage flow`",
                "estack": "CypressError: `cy.type()` can only accept a string or number. You passed in: `undefined`\n\nhttps://on.cypress.io/type\n\nBecause this error occurred during a `before each` hook we are skipping the remaining tests in the current suite: `Garage flow`\n    at Context.type (https://qauto.forstudy.space/__cypress/runner/cypress_runner.js:117521:68)\n    at wrapped (https://qauto.forstudy.space/__cypress/runner/cypress_runner.js:146320:19)\nFrom Your Spec Code:\n    at Context.eval (webpack://cypress-intro-hw/./cypress/e2e/garage.cy.js:13:27)",
                "diff": null
              },
              "uuid": "0a2ef769-9eed-4e8e-a71a-927052d18601",
              "parentUUID": "d0f18012-fddc-46db-aa0f-40ff06001764",
              "isHook": false,
              "skipped": false
            }
          ],
          "suites": [],
          "passes": [],
          "failures": [
            "0a2ef769-9eed-4e8e-a71a-927052d18601"
          ],
          "pending": [],
          "skipped": [],
          "duration": 9968,
          "root": false,
          "rootEmpty": false,
          "_timeout": 2000
        }
      ],
      "passes": [],
      "failures": [],
      "pending": [],
      "skipped": [],
      "duration": 0,
      "root": true,
      "rootEmpty": true,
      "_timeout": 2000
    }
  ],
  "meta": {
    "mocha": {
      "version": "7.2.0"
    },
    "mochawesome": {
      "options": {
        "quiet": false,
        "reportFilename": "mochawesome",
        "saveHtml": true,
        "saveJson": true,
        "consoleReporter": "spec",
        "useInlineDiffs": false,
        "code": true
      },
      "version": "7.1.4"
    },
    "marge": {
      "options": {
        "reportDir": "cypress/reports",
        "overwrite": false,
        "html": true,
        "json": true
      },
      "version": "6.3.2"
    }
  }
}