{
  "stats": {
    "suites": 1,
    "tests": 1,
    "passes": 0,
    "pending": 0,
    "failures": 1,
    "start": "2026-04-26T16:50:12.569Z",
    "end": "2026-04-26T16:50:20.813Z",
    "duration": 8244,
    "testsRegistered": 1,
    "passPercent": 0,
    "pendingPercent": 0,
    "other": 0,
    "hasOther": false,
    "skipped": 0,
    "hasSkipped": false
  },
  "results": [
    {
      "uuid": "ccb85922-e7da-4aca-bd42-53f879a8b9de",
      "title": "",
      "fullFile": "cypress/e2e/garage.cy.js",
      "file": "cypress/e2e/garage.cy.js",
      "beforeHooks": [],
      "afterHooks": [],
      "tests": [],
      "suites": [
        {
          "uuid": "a7fcd000-236d-4258-b8ca-9ba9ea2f5081",
          "title": "Garage flow",
          "fullFile": "",
          "file": "",
          "beforeHooks": [],
          "afterHooks": [],
          "tests": [
            {
              "title": "Add car",
              "fullTitle": "Garage flow Add car",
              "timedOut": null,
              "duration": 8192,
              "state": "failed",
              "speed": null,
              "pass": false,
              "fail": true,
              "pending": false,
              "context": null,
              "code": "cy.contains('Add car').should('be.visible').click();\ncy.get('#addCarBrand').select('Audi');\ncy.get('#addCarModel').select(1);\ncy.get('#addCarMileage').clear().type('100').blur();\ncy.get('.modal-footer .btn-primary').click();\ncy.get('.modal').should('not.exist');\ncy.contains('Audi').should('be.visible');",
              "err": {
                "message": "AssertionError: Timed out retrying after 4000ms: expected 'https://qauto2.forstudy.space/' to include '/panel/garage'\n\nBecause this error occurred during a `before each` hook we are skipping the remaining tests in the current suite: `Garage flow`",
                "estack": "AssertionError: Timed out retrying after 4000ms: expected 'https://qauto2.forstudy.space/' to include '/panel/garage'\n\nBecause this error occurred during a `before each` hook we are skipping the remaining tests in the current suite: `Garage flow`\n    at Context.eval (webpack://cypress-intro-hw/./cypress/e2e/garage.cy.js:17:13)",
                "diff": null
              },
              "uuid": "0c69b42d-57c9-4fca-b9ea-67b677f728ad",
              "parentUUID": "a7fcd000-236d-4258-b8ca-9ba9ea2f5081",
              "isHook": false,
              "skipped": false
            }
          ],
          "suites": [],
          "passes": [],
          "failures": [
            "0c69b42d-57c9-4fca-b9ea-67b677f728ad"
          ],
          "pending": [],
          "skipped": [],
          "duration": 8192,
          "root": false,
          "rootEmpty": false,
          "_timeout": 2000
        }
      ],
      "passes": [],
      "failures": [],
      "pending": [],
      "skipped": [],
      "duration": 0,
      "root": true,
      "rootEmpty": true,
      "_timeout": 2000
    }
  ],
  "meta": {
    "mocha": {
      "version": "7.2.0"
    },
    "mochawesome": {
      "options": {
        "quiet": false,
        "reportFilename": "mochawesome",
        "saveHtml": true,
        "saveJson": true,
        "consoleReporter": "spec",
        "useInlineDiffs": false,
        "code": true
      },
      "version": "7.1.4"
    },
    "marge": {
      "options": {
        "reportDir": "cypress/reports",
        "overwrite": false,
        "html": true,
        "json": true
      },
      "version": "6.3.2"
    }
  }
}