{
  "stats": {
    "suites": 1,
    "tests": 4,
    "passes": 4,
    "pending": 0,
    "failures": 0,
    "start": "2026-04-26T16:56:56.540Z",
    "end": "2026-04-26T16:57:01.378Z",
    "duration": 4838,
    "testsRegistered": 4,
    "passPercent": 100,
    "pendingPercent": 0,
    "other": 0,
    "hasOther": false,
    "skipped": 0,
    "hasSkipped": false
  },
  "results": [
    {
      "uuid": "f54972ec-2e8e-453e-a4f6-fdb18045f593",
      "title": "",
      "fullFile": "cypress/e2e/smoke.cy.js",
      "file": "cypress/e2e/smoke.cy.js",
      "beforeHooks": [],
      "afterHooks": [],
      "tests": [],
      "suites": [
        {
          "uuid": "9dca464f-333c-4747-92c6-81387bafd193",
          "title": "Home page UI elements",
          "fullFile": "",
          "file": "",
          "beforeHooks": [],
          "afterHooks": [],
          "tests": [
            {
              "title": "Should check Sign up button",
              "fullTitle": "Home page UI elements Should check Sign up button",
              "timedOut": null,
              "duration": 1398,
              "state": "passed",
              "speed": "fast",
              "pass": true,
              "fail": false,
              "pending": false,
              "context": null,
              "code": "cy.contains('Sign up').should('be.visible');",
              "err": {},
              "uuid": "384add9b-dfc4-420f-852f-ef10b9a883e5",
              "parentUUID": "9dca464f-333c-4747-92c6-81387bafd193",
              "isHook": false,
              "skipped": false
            },
            {
              "title": "Should check header buttons",
              "fullTitle": "Home page UI elements Should check header buttons",
              "timedOut": null,
              "duration": 1164,
              "state": "passed",
              "speed": "fast",
              "pass": true,
              "fail": false,
              "pending": false,
              "context": null,
              "code": "cy.get('header').should('be.visible').within(() => {\n  cy.contains('Home').should('be.visible');\n  cy.contains('About').should('be.visible');\n  cy.contains('Contacts').should('be.visible');\n  cy.contains('Guest log in').should('be.visible');\n});",
              "err": {},
              "uuid": "9843de4d-4f43-4dbf-9db6-87bd3983c4fa",
              "parentUUID": "9dca464f-333c-4747-92c6-81387bafd193",
              "isHook": false,
              "skipped": false
            },
            {
              "title": "Should check footer social icons",
              "fullTitle": "Home page UI elements Should check footer social icons",
              "timedOut": null,
              "duration": 530,
              "state": "passed",
              "speed": "fast",
              "pass": true,
              "fail": false,
              "pending": false,
              "context": null,
              "code": "cy.get('a[href*=\"facebook\"]').should('exist');\ncy.get('a[href*=\"t.me\"]').should('exist');\ncy.get('a[href*=\"youtube\"]').should('exist');\ncy.get('a[href*=\"instagram\"]').should('exist');\ncy.get('a[href*=\"linkedin\"]').should('exist');",
              "err": {},
              "uuid": "2e8ebb1c-1e93-414f-aa8b-b7f60fd74570",
              "parentUUID": "9dca464f-333c-4747-92c6-81387bafd193",
              "isHook": false,
              "skipped": false
            },
            {
              "title": "Should check footer contacts",
              "fullTitle": "Home page UI elements Should check footer contacts",
              "timedOut": null,
              "duration": 416,
              "state": "passed",
              "speed": "fast",
              "pass": true,
              "fail": false,
              "pending": false,
              "context": null,
              "code": "cy.contains('ithillel.ua').should('be.visible');\ncy.contains('support@ithillel.ua').should('be.visible');",
              "err": {},
              "uuid": "38775010-97f5-4dff-9c58-6c8c2b7a1e39",
              "parentUUID": "9dca464f-333c-4747-92c6-81387bafd193",
              "isHook": false,
              "skipped": false
            }
          ],
          "suites": [],
          "passes": [
            "384add9b-dfc4-420f-852f-ef10b9a883e5",
            "9843de4d-4f43-4dbf-9db6-87bd3983c4fa",
            "2e8ebb1c-1e93-414f-aa8b-b7f60fd74570",
            "38775010-97f5-4dff-9c58-6c8c2b7a1e39"
          ],
          "failures": [],
          "pending": [],
          "skipped": [],
          "duration": 3508,
          "root": false,
          "rootEmpty": false,
          "_timeout": 2000
        }
      ],
      "passes": [],
      "failures": [],
      "pending": [],
      "skipped": [],
      "duration": 0,
      "root": true,
      "rootEmpty": true,
      "_timeout": 2000
    }
  ],
  "meta": {
    "mocha": {
      "version": "7.2.0"
    },
    "mochawesome": {
      "options": {
        "quiet": false,
        "reportFilename": "mochawesome",
        "saveHtml": true,
        "saveJson": true,
        "consoleReporter": "spec",
        "useInlineDiffs": false,
        "code": true
      },
      "version": "7.1.4"
    },
    "marge": {
      "options": {
        "reportDir": "cypress/reports",
        "overwrite": false,
        "html": true,
        "json": true
      },
      "version": "6.3.2"
    }
  }
}